###############################################################################
#                                                                             #
# IAR C/C++ Compiler V8.10.3.10338/W32 for 8051         23/May/2015  16:38:28 #
# Copyright 2004-2011 IAR Systems AB.                                         #
#                                                                             #
#    Core               =  plain                                              #
#    Code model         =  banked                                             #
#    Data model         =  large                                              #
#    Calling convention =  xdata reentrant                                    #
#    Constant location  =  data_rom                                           #
#    Dptr setup         =  1,16                                               #
#    Source file        =  E:\wireless-switch\demo\ZStack-CC2530-2.3.0-1.4.0\ #
#                          Projects\zstack\Samples\SampleApp\Source\SampleApp #
#                          .c                                                 #
#    Command line       =  -f E:\wireless-switch\demo\ZStack-CC2530-2.3.0-1.4 #
#                          .0\Projects\zstack\Samples\SampleApp\CC2530DB\..\. #
#                          .\..\Tools\CC2530DB\f8wCoord.cfg (-DCPU32MHZ       #
#                          -DROOT=__near_func -DMAC_CFG_APP_PENDING_QUEUE=TRU #
#                          E -DZDO_COORDINATOR -DRTR_NWK -DBLINK_LEDS) -f     #
#                          E:\wireless-switch\demo\ZStack-CC2530-2.3.0-1.4.0\ #
#                          Projects\zstack\Samples\SampleApp\CC2530DB\..\..\. #
#                          .\Tools\CC2530DB\f8wConfig.cfg (-DSECURE=0         #
#                          -DZG_SECURE_DYNAMIC=0 -DREFLECTOR                  #
#                          -DDEFAULT_CHANLIST=0x00000800                      #
#                          -DZDAPP_CONFIG_PAN_ID=0xFFF1                       #
#                          -DNWK_START_DELAY=100 -DEXTENDED_JOINING_RANDOM_MA #
#                          SK=0x007F -DBEACON_REQUEST_DELAY=100               #
#                          -DBEACON_REQ_DELAY_MASK=0x00FF                     #
#                          -DROUTE_EXPIRY_TIME=30 -DAPSC_ACK_WAIT_DURATION_PO #
#                          LLED=3000 -DNWK_INDIRECT_MSG_TIMEOUT=7             #
#                          -DMAX_RREQ_ENTRIES=8 -DAPSC_MAX_FRAME_RETRIES=3    #
#                          -DNWK_MAX_DATA_RETRIES=2                           #
#                          -DMAX_POLL_FAILURE_RETRIES=2 -DMAX_BCAST=9         #
#                          -DAPS_MAX_GROUPS=16 -DMAX_RTG_ENTRIES=40           #
#                          -DNWK_MAX_BINDING_ENTRIES=4                        #
#                          -DMAX_BINDING_CLUSTER_IDS=4 "-DDEFAULT_KEY={0x01,  #
#                          0x03, 0x05, 0x07, 0x09, 0x0B, 0x0D, 0x0F, 0x00,    #
#                          0x02, 0x04, 0x06, 0x08, 0x0A, 0x0C, 0x0D}"         #
#                          -DMAC_MAX_FRAME_SIZE=116 "-DCONST=const __code"    #
#                          -DGENERIC=__generic -DRFD_RCVC_ALWAYS_ON=FALSE     #
#                          -DPOLL_RATE=1000 -DQUEUED_POLL_RATE=100            #
#                          -DRESPONSE_POLL_RATE=100) -DREJOIN_POLL_RATE=440   #
#                          E:\wireless-switch\demo\ZStack-CC2530-2.3.0-1.4.0\ #
#                          Projects\zstack\Samples\SampleApp\Source\SampleApp #
#                          .c -D ZIGBEEPRO -D ZTOOL_P1 -D xMT_TASK -D         #
#                          xMT_SYS_FUNC -D xMT_ZDO_FUNC -D                    #
#                          LCD_SUPPORTED=DEBUG -D COORDINATOR_ME -lC          #
#                          E:\wireless-switch\demo\ZStack-CC2530-2.3.0-1.4.0\ #
#                          Projects\zstack\Samples\SampleApp\CC2530DB\Coordin #
#                          atorEB-Pro\List\ -lA E:\wireless-switch\demo\ZStac #
#                          k-CC2530-2.3.0-1.4.0\Projects\zstack\Samples\Sampl #
#                          eApp\CC2530DB\CoordinatorEB-Pro\List\              #
#                          --diag_suppress Pe001,Pa010 -o                     #
#                          E:\wireless-switch\demo\ZStack-CC2530-2.3.0-1.4.0\ #
#                          Projects\zstack\Samples\SampleApp\CC2530DB\Coordin #
#                          atorEB-Pro\Obj\ -e --no_unroll --no_inline         #
#                          --no_tbaa --debug --core=plain --dptr=16,1         #
#                          --data_model=large --code_model=banked             #
#                          --calling_convention=xdata_reentrant               #
#                          --place_constants=data_rom --nr_virtual_regs 16    #
#                          -I E:\wireless-switch\demo\ZStack-CC2530-2.3.0-1.4 #
#                          .0\Projects\zstack\Samples\SampleApp\CC2530DB\ -I  #
#                          E:\wireless-switch\demo\ZStack-CC2530-2.3.0-1.4.0\ #
#                          Projects\zstack\Samples\SampleApp\CC2530DB\..\SOUR #
#                          CE\ -I E:\wireless-switch\demo\ZStack-CC2530-2.3.0 #
#                          -1.4.0\Projects\zstack\Samples\SampleApp\CC2530DB\ #
#                          ..\..\..\ZMAIN\TI2530DB\ -I                        #
#                          E:\wireless-switch\demo\ZStack-CC2530-2.3.0-1.4.0\ #
#                          Projects\zstack\Samples\SampleApp\CC2530DB\..\..\. #
#                          .\..\..\COMPONENTS\MT\ -I                          #
#                          E:\wireless-switch\demo\ZStack-CC2530-2.3.0-1.4.0\ #
#                          Projects\zstack\Samples\SampleApp\CC2530DB\..\..\. #
#                          .\..\..\COMPONENTS\HAL\INCLUDE\ -I                 #
#                          E:\wireless-switch\demo\ZStack-CC2530-2.3.0-1.4.0\ #
#                          Projects\zstack\Samples\SampleApp\CC2530DB\..\..\. #
#                          .\..\..\COMPONENTS\HAL\TARGET\CC2530EB\ -I         #
#                          E:\wireless-switch\demo\ZStack-CC2530-2.3.0-1.4.0\ #
#                          Projects\zstack\Samples\SampleApp\CC2530DB\..\..\. #
#                          .\..\..\COMPONENTS\OSAL\MCU\CCSOC\ -I              #
#                          E:\wireless-switch\demo\ZStack-CC2530-2.3.0-1.4.0\ #
#                          Projects\zstack\Samples\SampleApp\CC2530DB\..\..\. #
#                          .\..\..\COMPONENTS\OSAL\INCLUDE\ -I                #
#                          E:\wireless-switch\demo\ZStack-CC2530-2.3.0-1.4.0\ #
#                          Projects\zstack\Samples\SampleApp\CC2530DB\..\..\. #
#                          .\..\..\COMPONENTS\STACK\AF\ -I                    #
#                          E:\wireless-switch\demo\ZStack-CC2530-2.3.0-1.4.0\ #
#                          Projects\zstack\Samples\SampleApp\CC2530DB\..\..\. #
#                          .\..\..\COMPONENTS\STACK\NWK\ -I                   #
#                          E:\wireless-switch\demo\ZStack-CC2530-2.3.0-1.4.0\ #
#                          Projects\zstack\Samples\SampleApp\CC2530DB\..\..\. #
#                          .\..\..\COMPONENTS\STACK\SEC\ -I                   #
#                          E:\wireless-switch\demo\ZStack-CC2530-2.3.0-1.4.0\ #
#                          Projects\zstack\Samples\SampleApp\CC2530DB\..\..\. #
#                          .\..\..\COMPONENTS\STACK\SAPI\ -I                  #
#                          E:\wireless-switch\demo\ZStack-CC2530-2.3.0-1.4.0\ #
#                          Projects\zstack\Samples\SampleApp\CC2530DB\..\..\. #
#                          .\..\..\COMPONENTS\STACK\SYS\ -I                   #
#                          E:\wireless-switch\demo\ZStack-CC2530-2.3.0-1.4.0\ #
#                          Projects\zstack\Samples\SampleApp\CC2530DB\..\..\. #
#                          .\..\..\COMPONENTS\STACK\ZDO\ -I                   #
#                          E:\wireless-switch\demo\ZStack-CC2530-2.3.0-1.4.0\ #
#                          Projects\zstack\Samples\SampleApp\CC2530DB\..\..\. #
#                          .\..\..\COMPONENTS\ZMAC\F8W\ -I                    #
#                          E:\wireless-switch\demo\ZStack-CC2530-2.3.0-1.4.0\ #
#                          Projects\zstack\Samples\SampleApp\CC2530DB\..\..\. #
#                          .\..\..\COMPONENTS\ZMAC\ -I                        #
#                          E:\wireless-switch\demo\ZStack-CC2530-2.3.0-1.4.0\ #
#                          Projects\zstack\Samples\SampleApp\CC2530DB\..\..\. #
#                          .\..\..\COMPONENTS\SERVICES\SADDR\ -I              #
#                          E:\wireless-switch\demo\ZStack-CC2530-2.3.0-1.4.0\ #
#                          Projects\zstack\Samples\SampleApp\CC2530DB\..\..\. #
#                          .\..\..\COMPONENTS\SERVICES\SDATA\ -I              #
#                          E:\wireless-switch\demo\ZStack-CC2530-2.3.0-1.4.0\ #
#                          Projects\zstack\Samples\SampleApp\CC2530DB\..\..\. #
#                          .\..\..\COMPONENTS\MAC\INCLUDE\ -I                 #
#                          E:\wireless-switch\demo\ZStack-CC2530-2.3.0-1.4.0\ #
#                          Projects\zstack\Samples\SampleApp\CC2530DB\..\..\. #
#                          .\..\..\COMPONENTS\MAC\HIGH_LEVEL\ -I              #
#                          E:\wireless-switch\demo\ZStack-CC2530-2.3.0-1.4.0\ #
#                          Projects\zstack\Samples\SampleApp\CC2530DB\..\..\. #
#                          .\..\..\COMPONENTS\MAC\LOW_LEVEL\srf04\ -I         #
#                          E:\wireless-switch\demo\ZStack-CC2530-2.3.0-1.4.0\ #
#                          Projects\zstack\Samples\SampleApp\CC2530DB\..\..\. #
#                          .\..\..\COMPONENTS\MAC\LOW_LEVEL\srf04\SINGLE_CHIP #
#                          \ -Om --require_prototypes                         #
#    List file          =  E:\wireless-switch\demo\ZStack-CC2530-2.3.0-1.4.0\ #
#                          Projects\zstack\Samples\SampleApp\CC2530DB\Coordin #
#                          atorEB-Pro\List\SampleApp.lst                      #
#    Object file        =  E:\wireless-switch\demo\ZStack-CC2530-2.3.0-1.4.0\ #
#                          Projects\zstack\Samples\SampleApp\CC2530DB\Coordin #
#                          atorEB-Pro\Obj\SampleApp.r51                       #
#                                                                             #
#                                                                             #
###############################################################################

E:\wireless-switch\demo\ZStack-CC2530-2.3.0-1.4.0\Projects\zstack\Samples\SampleApp\Source\SampleApp.c
      1          /**************************************************************************************************
      2            Filename:       SampleApp.c
      3            Revised:        $Date: 2009-03-18 15:56:27 -0700 (Wed, 18 Mar 2009) $
      4            Revision:       $Revision: 19453 $
      5          
      6            Description:    Sample Application (no Profile).
      7          
      8          
      9            Copyright 2007 Texas Instruments Incorporated. All rights reserved.
     10          
     11            IMPORTANT: Your use of this Software is limited to those specific rights
     12            granted under the terms of a software license agreement between the user
     13            who downloaded the software, his/her employer (which must be your employer)
     14            and Texas Instruments Incorporated (the "License").  You may not use this
     15            Software unless you agree to abide by the terms of the License. The License
     16            limits your use, and you acknowledge, that the Software may not be modified,
     17            copied or distributed unless embedded on a Texas Instruments microcontroller
     18            or used solely and exclusively in conjunction with a Texas Instruments radio
     19            frequency transceiver, which is integrated into your product.  Other than for
     20            the foregoing purpose, you may not use, reproduce, copy, prepare derivative
     21            works of, modify, distribute, perform, display or sell this Software and/or
     22            its documentation for any purpose.
     23          
     24            YOU FURTHER ACKNOWLEDGE AND AGREE THAT THE SOFTWARE AND DOCUMENTATION ARE
     25            PROVIDED AS IS?WITHOUT WARRANTY OF ANY KIND, EITHER EXPRESS OR IMPLIED,
     26            INCLUDING WITHOUT LIMITATION, ANY WARRANTY OF MERCHANTABILITY, TITLE,
     27            NON-INFRINGEMENT AND FITNESS FOR A PARTICULAR PURPOSE. IN NO EVENT SHALL
     28            TEXAS INSTRUMENTS OR ITS LICENSORS BE LIABLE OR OBLIGATED UNDER CONTRACT,
     29            NEGLIGENCE, STRICT LIABILITY, CONTRIBUTION, BREACH OF WARRANTY, OR OTHER
     30            LEGAL EQUITABLE THEORY ANY DIRECT OR INDIRECT DAMAGES OR EXPENSES
     31            INCLUDING BUT NOT LIMITED TO ANY INCIDENTAL, SPECIAL, INDIRECT, PUNITIVE
     32            OR CONSEQUENTIAL DAMAGES, LOST PROFITS OR LOST DATA, COST OF PROCUREMENT
     33            OF SUBSTITUTE GOODS, TECHNOLOGY, SERVICES, OR ANY CLAIMS BY THIRD PARTIES
     34            (INCLUDING BUT NOT LIMITED TO ANY DEFENSE THEREOF), OR OTHER SIMILAR COSTS.
     35          
     36            Should you have any questions regarding your right to use this Software,
     37            contact Texas Instruments Incorporated at www.TI.com.
     38          **************************************************************************************************/
     39          
     40          /*********************************************************************
     41            This application isn't intended to do anything useful, it is
     42            intended to be a simple example of an application's structure.
     43          
     44            This application sends it's messages either as broadcast or
     45            broadcast filtered group messages.  The other (more normal)
     46            message addressing is unicast.  Most of the other sample
     47            applications are written to support the unicast message model.
     48          
     49            Key control:
     50              SW1:  Sends a flash command to all devices in Group 1.
     51              SW2:  Adds/Removes (toggles) this device in and out
     52                    of Group 1.  This will enable and disable the
     53                    reception of the flash command.
     54          *********************************************************************/
     55          
     56          /*********************************************************************
     57           * INCLUDES
     58           */
     59          #include "OSAL.h"
     60          #include "ZGlobals.h"
     61          #include "AF.h"
     62          #include "aps_groups.h"
     63          #include "ZDApp.h"
     64          
     65          #include "SampleApp.h"
     66          #include "SampleAppHw.h"
     67          
     68          #include "OnBoard.h"
     69          #include "Hal_flash.h"
     70          /* HAL */
     71          #include "hal_lcd.h"
     72          #include "hal_led.h"
     73          #include "hal_key.h"
     74          #include "MT_UART.h"
     75          #include "MT_APP.h"
     76          #include "MT.h"
     77          #include "OSAL_Nv.h"
     78          #include <string.h>
     79          #include "zigbee_wrt_protocol.h"
     80          
     81          #define TEST_NV 0x0202
     82          
     83          /*********************************************************************
     84           * MACROS
     85           */
     86          
     87          /*********************************************************************
     88           * CONSTANTS
     89           */
     90          
     91          /*********************************************************************
     92           * TYPEDEFS
     93           */
     94          
     95          /*********************************************************************
     96           * GLOBAL VARIABLES
     97           */

   \                                 In  segment XDATA_Z, align 1, keep-with-next
     98          uint8 globa_run_num = 0;
   \                     globa_run_num:
   \   000000                DS 1
   \   000001                REQUIRE __INIT_XDATA_Z
     99          uint8 Calc_CRC8(uint8 *PData, uint32 Len);
    100          // This list should be filled with Application specific Cluster IDs.

   \                                 In  segment XDATA_ROM_C, align 1
    101          const cId_t SampleApp_ClusterList[SAMPLEAPP_MAX_CLUSTERS] =
   \                     SampleApp_ClusterList:
   \   000000   0100         DW 1
   \   000002   0200         DW 2
    102          {
    103            SAMPLEAPP_PERIODIC_CLUSTERID,
    104            SAMPLEAPP_FLASH_CLUSTERID
    105          };
    106          

   \                                 In  segment XDATA_ROM_C, align 1
    107          const SimpleDescriptionFormat_t SampleApp_SimpleDesc =
   \                     SampleApp_SimpleDesc:
   \   000000   14           DB 20
   \   000001   080F         DW 3848
   \   000003   0100         DW 1
   \   000005   00           DB 0
   \   000006   02           DB 2
   \   000007   ....         DW SampleApp_ClusterList
   \   000009   02           DB 2
   \   00000A   ....         DW SampleApp_ClusterList
    108          {
    109            SAMPLEAPP_ENDPOINT,              //  int Endpoint;
    110            SAMPLEAPP_PROFID,                //  uint16 AppProfId[2];
    111            SAMPLEAPP_DEVICEID,              //  uint16 AppDeviceId[2];
    112            SAMPLEAPP_DEVICE_VERSION,        //  int   AppDevVer:4;
    113            SAMPLEAPP_FLAGS,                 //  int   AppFlags:4;
    114            SAMPLEAPP_MAX_CLUSTERS,          //  uint8  AppNumInClusters;
    115            (cId_t *)SampleApp_ClusterList,  //  uint8 *pAppInClusterList;
    116            SAMPLEAPP_MAX_CLUSTERS,          //  uint8  AppNumInClusters;
    117            (cId_t *)SampleApp_ClusterList   //  uint8 *pAppInClusterList;
    118          };
    119          
    120          // This is the Endpoint/Interface description.  It is defined here, but
    121          // filled-in in SampleApp_Init().  Another way to go would be to fill
    122          // in the structure here and make it a "const" (in code space).  The
    123          // way it's defined in this sample app it is define in RAM.

   \                                 In  segment XDATA_Z, align 1, keep-with-next
    124          endPointDesc_t SampleApp_epDesc;
   \                     SampleApp_epDesc:
   \   000000                DS 6
   \   000006                REQUIRE __INIT_XDATA_Z
    125          
    126          /*********************************************************************
    127           * EXTERNAL VARIABLES
    128           */
    129          
    130          /*********************************************************************
    131           * EXTERNAL FUNCTIONS
    132           */
    133          
    134          /*********************************************************************
    135           * LOCAL VARIABLES
    136           */

   \                                 In  segment XDATA_Z, align 1, keep-with-next
    137          uint8 SampleApp_TaskID;   // Task ID for internal task/event processing
   \                     SampleApp_TaskID:
   \   000000                DS 1
   \   000001                REQUIRE __INIT_XDATA_Z
    138                                    // This variable will be received when
    139                                    // SampleApp_Init() is called.

   \                                 In  segment XDATA_Z, align 1, keep-with-next
    140          devStates_t SampleApp_NwkState;
   \                     SampleApp_NwkState:
   \   000000                DS 1
   \   000001                REQUIRE __INIT_XDATA_Z
    141          

   \                                 In  segment XDATA_Z, align 1, keep-with-next
    142          uint8 SampleApp_TransID;  // This is the unique message ID (counter)
   \                     SampleApp_TransID:
   \   000000                DS 1
   \   000001                REQUIRE __INIT_XDATA_Z
    143          

   \                                 In  segment XDATA_Z, align 1, keep-with-next
    144          afAddrType_t SampleApp_Periodic_DstAddr;
   \                     SampleApp_Periodic_DstAddr:
   \   000000                DS 12
   \   00000C                REQUIRE __INIT_XDATA_Z

   \                                 In  segment XDATA_Z, align 1, keep-with-next
    145          afAddrType_t SampleApp_Flash_DstAddr;
   \                     SampleApp_Flash_DstAddr:
   \   000000                DS 12
   \   00000C                REQUIRE __INIT_XDATA_Z

   \                                 In  segment XDATA_Z, align 1, keep-with-next
    146          afAddrType_t SampleApp_P2P_DstAddr;
   \                     SampleApp_P2P_DstAddr:
   \   000000                DS 12
   \   00000C                REQUIRE __INIT_XDATA_Z
    147          

   \                                 In  segment XDATA_Z, align 1, keep-with-next
    148          aps_Group_t SampleApp_Group;
   \                     SampleApp_Group:
   \   000000                DS 18
   \   000012                REQUIRE __INIT_XDATA_Z
    149          

   \                                 In  segment XDATA_Z, align 1, keep-with-next
    150          uint8 SampleAppPeriodicCounter = 0;
   \                     SampleAppPeriodicCounter:
   \   000000                DS 1
   \   000001                REQUIRE __INIT_XDATA_Z

   \                                 In  segment XDATA_Z, align 1, keep-with-next
    151          uint8 SampleAppFlashCounter = 0;
   \                     SampleAppFlashCounter:
   \   000000                DS 1
   \   000001                REQUIRE __INIT_XDATA_Z
    152          
    153          /*********************************************************************
    154           * LOCAL FUNCTIONS
    155           */
    156          void SampleApp_HandleKeys( uint8 shift, uint8 keys );
    157          void SampleApp_MessageMSGCB( afIncomingMSGPacket_t *pckt );
    158          void SampleApp_SendPeriodicMessage( void );
    159          void SampleApp_SendFlashMessage( uint16 flashTime );
    160          void  AF_To_R_From_C(afAddrType_t *srcAddr,char *pdata, uint16 len);
    161          
    162          /*********************************************************************
    163           * NETWORK LAYER CALLBACKS
    164           */
    165          
    166          
    167          /*********************************************************************
    168           * PUBLIC FUNCTIONS
    169           */
    170          

   \                                 In  segment BANKED_CODE, align 1, keep-with-next
    171          void deal_data(char *pData, uint16 dataLen)
   \                     deal_data:
    172          {
   \   000000   C082         PUSH    DPL
   \   000002   C083         PUSH    DPH
   \   000004                ; Saved register size: 2
   \   000004                ; Auto size: 0
    173                
    174            HalUARTWrite(0, (uint8*)pData, dataLen);//串口发送
   \   000004                ; Setup parameters for call to function HalUARTWrite
   \   000004   7900         MOV     R1,#0x0
   \   000006   12....       LCALL   ??HalUARTWrite?relay
    175          
    176          }
   \   000009   D083         POP     DPH
   \   00000B   D082         POP     DPL
   \   00000D   02....       LJMP    ?BRET
    177          

   \                                 In  segment BANKED_CODE, align 1, keep-with-next
    178          void  AF_To_R_From_C(afAddrType_t *srcAddr,char *pdata, uint16 len)
   \                     AF_To_R_From_C:
    179          {
   \   000000   74F4         MOV     A,#-0xc
   \   000002   12....       LCALL   ?BANKED_ENTER_XDATA
   \   000005                ; Saved register size: 12
   \   000005                ; Auto size: 0
   \   000005   740C         MOV     A,#0xc
   \   000007   12....       LCALL   ?XSTACK_DISP0_8
   \   00000A   E0           MOVX    A,@DPTR
   \   00000B   F5..         MOV     ?V0 + 2,A
   \   00000D   A3           INC     DPTR
   \   00000E   E0           MOVX    A,@DPTR
   \   00000F   F5..         MOV     ?V0 + 3,A
    180          	if ( AF_DataRequest( srcAddr, &SampleApp_epDesc,
    181          						 3,						
    182          						 len,
    183          						 (uint8 *)pdata,
    184          						 &SampleApp_TransID,
    185          						 AF_DISCV_ROUTE,
    186          						 AF_DEFAULT_RADIUS ) == afStatus_SUCCESS )
   \   000011                ; Setup parameters for call to function AF_DataRequest
   \   000011   75..1E       MOV     ?V0 + 0,#0x1e
   \   000014   78..         MOV     R0,#?V0 + 0
   \   000016   12....       LCALL   ?PUSH_XSTACK_I_ONE
   \   000019   75....       MOV     ?V0 + 0,#SampleApp_TransID & 0xff
   \   00001C   75....       MOV     ?V0 + 1,#(SampleApp_TransID >> 8) & 0xff
   \   00001F   78..         MOV     R0,#?V0 + 0
   \   000021   12....       LCALL   ?PUSH_XSTACK_I_TWO
   \   000024   8C..         MOV     ?V0 + 0,R4
   \   000026   8D..         MOV     ?V0 + 1,R5
   \   000028   78..         MOV     R0,#?V0 + 0
   \   00002A   12....       LCALL   ?PUSH_XSTACK_I_TWO
   \   00002D   78..         MOV     R0,#?V0 + 2
   \   00002F   12....       LCALL   ?PUSH_XSTACK_I_TWO
   \   000032   75..03       MOV     ?V0 + 0,#0x3
   \   000035   75..00       MOV     ?V0 + 1,#0x0
   \   000038   78..         MOV     R0,#?V0 + 0
   \   00003A   12....       LCALL   ?PUSH_XSTACK_I_TWO
   \   00003D   7920         MOV     R1,#0x20
   \   00003F   7C..         MOV     R4,#SampleApp_epDesc & 0xff
   \   000041   7D..         MOV     R5,#(SampleApp_epDesc >> 8) & 0xff
   \   000043   12....       LCALL   ??AF_DataRequest?relay
   \   000046   7409         MOV     A,#0x9
   \   000048   12....       LCALL   ?DEALLOC_XSTACK8
   \   00004B   E9           MOV     A,R1
   \   00004C   700D         JNZ     ??AF_To_R_From_C_0
    187          	{
    188          		HalLedBlink(HAL_LED_2, 2, 50, 1000);
   \   00004E                ; Setup parameters for call to function HalLedBlink
   \   00004E   7CE8         MOV     R4,#-0x18
   \   000050   7D03         MOV     R5,#0x3
   \   000052   7B32         MOV     R3,#0x32
   \   000054   7A02         MOV     R2,#0x2
   \   000056   7902         MOV     R1,#0x2
   \   000058   12....       LCALL   ??HalLedBlink?relay
    189          	}
    190          	else
    191          	{
    192          	  // Error occurred in request to send.
    193          	}
    194          }
   \                     ??AF_To_R_From_C_0:
   \   00005B   7F04         MOV     R7,#0x4
   \   00005D   02....       LJMP    ?BANKED_LEAVE_XDATA
    195          
    196          

   \                                 In  segment XDATA_Z, align 1, keep-with-next
    197          uint8 uart_data_buffer[50];
   \                     uart_data_buffer:
   \   000000                DS 50
   \   000032                REQUIRE __INIT_XDATA_Z

   \                                 In  segment BANKED_CODE, align 1, keep-with-next
    198          static void SerialApp_CallBack(uint8 port, uint8 event)
   \                     SerialApp_CallBack:
    199          {
   \   000000   74F4         MOV     A,#-0xc
   \   000002   12....       LCALL   ?BANKED_ENTER_XDATA
   \   000005                ; Saved register size: 12
   \   000005                ; Auto size: 0
   \   000005   EA           MOV     A,R2
   \   000006   FE           MOV     R6,A
    200            (void)port;
    201          	
    202            if ((event & (HAL_UART_RX_FULL | HAL_UART_RX_ABOUT_FULL | HAL_UART_RX_TIMEOUT)))
   \   000007   7407         MOV     A,#0x7
   \   000009   5E           ANL     A,R6
   \   00000A   606E         JZ      ??SerialApp_CallBack_0
    203             {
    204                 // HalUARTRead(SERIAL_APP_PORT, SerialApp_TxBuf+SerialApp_TxLen+1,
    205                  //                                            SERIAL_APP_TX_MAX-SerialApp_TxLen);
    206          	
    207          	  uint8 crc_t; 
    208                uint8 *data;
    209                Zg_Header_Struct *ph;
    210                     Msg_Zg_WRT_transfer *mzwt;
    211          	  HalLedSet(HAL_LED_2, HAL_LED_MODE_TOGGLE);
   \   00000C                ; Setup parameters for call to function HalLedSet
   \   00000C   7A08         MOV     R2,#0x8
   \   00000E   7902         MOV     R1,#0x2
   \   000010   12....       LCALL   ??HalLedSet?relay
    212                HalUARTRead(0, uart_data_buffer,sizeof(uart_data_buffer));
   \   000013                ; Setup parameters for call to function HalUARTRead
   \   000013   7C32         MOV     R4,#0x32
   \   000015   7D00         MOV     R5,#0x0
   \   000017   7A..         MOV     R2,#uart_data_buffer & 0xff
   \   000019   7B..         MOV     R3,#(uart_data_buffer >> 8) & 0xff
   \   00001B   7900         MOV     R1,#0x0
   \   00001D   12....       LCALL   ??HalUARTRead?relay
    213          	  ph  = (Zg_Header_Struct *)uart_data_buffer;
    214          	  crc_t = Calc_CRC8(uart_data_buffer + sizeof(Zg_Header_Struct),ph->msg_len);
   \   000020                ; Setup parameters for call to function Calc_CRC8
   \   000020   90....       MOV     DPTR,#uart_data_buffer + 5
   \   000023   E0           MOVX    A,@DPTR
   \   000024   F5..         MOV     ?V0 + 0,A
   \   000026   A3           INC     DPTR
   \   000027   E0           MOVX    A,@DPTR
   \   000028   F5..         MOV     ?V0 + 1,A
   \   00002A   E4           CLR     A
   \   00002B   F5..         MOV     ?V0 + 2,A
   \   00002D   F5..         MOV     ?V0 + 3,A
   \   00002F   78..         MOV     R0,#?V0 + 0
   \   000031   12....       LCALL   ?PUSH_XSTACK_I_FOUR
   \   000034   7A..         MOV     R2,#(uart_data_buffer + 8) & 0xff
   \   000036   7B..         MOV     R3,#((uart_data_buffer + 8) >> 8) & 0xff
   \   000038   12....       LCALL   ??Calc_CRC8?relay
   \   00003B   7404         MOV     A,#0x4
   \   00003D   12....       LCALL   ?DEALLOC_XSTACK8
   \   000040   E9           MOV     A,R1
   \   000041   F8           MOV     R0,A
    215          	 
    216          	if(ph->crc8 == crc_t)
   \   000042   90....       MOV     DPTR,#uart_data_buffer + 7
   \   000045   E0           MOVX    A,@DPTR
   \   000046   68           XRL     A,R0
   \   000047   7031         JNZ     ??SerialApp_CallBack_0
    217          	 {
    218          		switch(ph->msg_cmd)
   \   000049   90....       MOV     DPTR,#uart_data_buffer + 3
   \   00004C   E0           MOVX    A,@DPTR
   \   00004D   6402         XRL     A,#0x2
   \   00004F   7004         JNZ     ??SerialApp_CallBack_1
   \   000051   A3           INC     DPTR
   \   000052   E0           MOVX    A,@DPTR
   \   000053   6480         XRL     A,#0x80
   \                     ??SerialApp_CallBack_1:
   \   000055   7023         JNZ     ??SerialApp_CallBack_0
    219          		{
    220          			case WRT_ZGB_DATA_CMD:
    221          				mzwt = (Msg_Zg_WRT_transfer *)(uart_data_buffer + sizeof(Zg_Header_Struct));
    222                          data = (uint8 *)(uart_data_buffer + sizeof(Zg_Header_Struct) +sizeof(Msg_Zg_WRT_transfer));			
    223          				AF_To_R_From_C(&mzwt->end_dev_addr,(char*)data, ph->msg_len - sizeof(Msg_Zg_WRT_transfer));
   \   000057                ; Setup parameters for call to function AF_To_R_From_C
   \   000057   90....       MOV     DPTR,#uart_data_buffer + 5
   \   00005A   E0           MOVX    A,@DPTR
   \   00005B   24F1         ADD     A,#-0xf
   \   00005D   F5..         MOV     ?V0 + 0,A
   \   00005F   A3           INC     DPTR
   \   000060   E0           MOVX    A,@DPTR
   \   000061   34FF         ADDC    A,#-0x1
   \   000063   F5..         MOV     ?V0 + 1,A
   \   000065   78..         MOV     R0,#?V0 + 0
   \   000067   12....       LCALL   ?PUSH_XSTACK_I_TWO
   \   00006A   7C..         MOV     R4,#(uart_data_buffer + 23) & 0xff
   \   00006C   7D..         MOV     R5,#((uart_data_buffer + 23) >> 8) & 0xff
   \   00006E   7A..         MOV     R2,#(uart_data_buffer + 9) & 0xff
   \   000070   7B..         MOV     R3,#((uart_data_buffer + 9) >> 8) & 0xff
   \   000072   12....       LCALL   ??AF_To_R_From_C?relay
   \   000075   7402         MOV     A,#0x2
   \   000077   12....       LCALL   ?DEALLOC_XSTACK8
    224          				break;
    225          			case ZGB_WRT_DATA_CMD:
    226          				
    227          				break;
    228          			default:
    229          				break;
    230          		}
    231          	}
    232          
    233             }
    234          
    235          }
   \                     ??SerialApp_CallBack_0:
   \   00007A   7F04         MOV     R7,#0x4
   \   00007C   02....       LJMP    ?BANKED_LEAVE_XDATA
    236          

   \                                 In  segment BANKED_CODE, align 1, keep-with-next
    237          int  pack_msg_transfer(Msg_Zg_WRT_transfer *mzwt,uint8 *pdata,uint16 dataLen, char *pout)
   \                     pack_msg_transfer:
    238          {
   \   000000   74ED         MOV     A,#-0x13
   \   000002   12....       LCALL   ?BANKED_ENTER_XDATA
   \   000005                ; Saved register size: 19
   \   000005                ; Auto size: 8
   \   000005   74F8         MOV     A,#-0x8
   \   000007   12....       LCALL   ?ALLOC_XSTACK8
   \   00000A   8C..         MOV     ?V0 + 8,R4
   \   00000C   8D..         MOV     ?V0 + 9,R5
   \   00000E   741B         MOV     A,#0x1b
   \   000010   12....       LCALL   ?XSTACK_DISP0_8
   \   000013   E0           MOVX    A,@DPTR
   \   000014   F5..         MOV     ?V0 + 0,A
   \   000016   A3           INC     DPTR
   \   000017   E0           MOVX    A,@DPTR
   \   000018   F5..         MOV     ?V0 + 1,A
   \   00001A   741D         MOV     A,#0x1d
   \   00001C   12....       LCALL   ?XSTACK_DISP0_8
   \   00001F   E0           MOVX    A,@DPTR
   \   000020   FE           MOV     R6,A
   \   000021   A3           INC     DPTR
   \   000022   E0           MOVX    A,@DPTR
   \   000023   FF           MOV     R7,A
    239              char *pt;
    240              pt = pout;
    241          	Zg_Header_Struct hd;
    242          	
    243          	hd.head = 0x7e7e;
   \   000024   85..82       MOV     DPL,?XSP + 0
   \   000027   85..83       MOV     DPH,?XSP + 1
   \   00002A   747E         MOV     A,#0x7e
   \   00002C   F0           MOVX    @DPTR,A
   \   00002D   A3           INC     DPTR
   \   00002E   F0           MOVX    @DPTR,A
    244          	hd.msg_serial_num = globa_run_num++;
   \   00002F   90....       MOV     DPTR,#globa_run_num
   \   000032   E0           MOVX    A,@DPTR
   \   000033   C0E0         PUSH    A
   \   000035   7402         MOV     A,#0x2
   \   000037   12....       LCALL   ?XSTACK_DISP0_8
   \   00003A   D0E0         POP     A
   \   00003C   F0           MOVX    @DPTR,A
   \   00003D   90....       MOV     DPTR,#globa_run_num
   \   000040   E0           MOVX    A,@DPTR
   \   000041   04           INC     A
   \   000042   F0           MOVX    @DPTR,A
    245          	hd.msg_cmd = ZGB_WRT_DATA_CMD;
   \   000043   7403         MOV     A,#0x3
   \   000045   12....       LCALL   ?XSTACK_DISP0_8
   \   000048   7402         MOV     A,#0x2
   \   00004A   F0           MOVX    @DPTR,A
   \   00004B   A3           INC     DPTR
   \   00004C   E4           CLR     A
   \   00004D   F0           MOVX    @DPTR,A
    246          	hd.msg_len = sizeof(Msg_Zg_WRT_transfer) + dataLen;// point size is 2 byte
   \   00004E   E5..         MOV     A,?V0 + 0
   \   000050   240F         ADD     A,#0xf
   \   000052   F8           MOV     R0,A
   \   000053   E5..         MOV     A,?V0 + 1
   \   000055   3400         ADDC    A,#0x0
   \   000057   F9           MOV     R1,A
   \   000058   7405         MOV     A,#0x5
   \   00005A   12....       LCALL   ?XSTACK_DISP0_8
   \   00005D   E8           MOV     A,R0
   \   00005E   F0           MOVX    @DPTR,A
   \   00005F   A3           INC     DPTR
   \   000060   E9           MOV     A,R1
   \   000061   F0           MOVX    @DPTR,A
    247          	pt += sizeof(Zg_Header_Struct);
   \   000062   EE           MOV     A,R6
   \   000063   2408         ADD     A,#0x8
   \   000065   F5..         MOV     ?V0 + 2,A
   \   000067   EF           MOV     A,R7
   \   000068   3400         ADDC    A,#0x0
   \   00006A   F5..         MOV     ?V0 + 3,A
    248          
    249          	
    250          	osal_memcpy(pt,(char *)mzwt, sizeof(Msg_Zg_WRT_transfer));
   \   00006C                ; Setup parameters for call to function osal_memcpy
   \   00006C   8A..         MOV     ?V0 + 4,R2
   \   00006E   8B..         MOV     ?V0 + 5,R3
   \   000070   75..00       MOV     ?V0 + 6,#0x0
   \   000073   78..         MOV     R0,#?V0 + 4
   \   000075   12....       LCALL   ?PUSH_XSTACK_I_THREE
   \   000078   7C0F         MOV     R4,#0xf
   \   00007A   7D00         MOV     R5,#0x0
   \   00007C   AA..         MOV     R2,?V0 + 2
   \   00007E   AB..         MOV     R3,?V0 + 3
   \   000080   12....       LCALL   ??osal_memcpy?relay
   \   000083   7403         MOV     A,#0x3
   \   000085   12....       LCALL   ?DEALLOC_XSTACK8
    251          	pt += sizeof(Msg_Zg_WRT_transfer);
    252          	osal_memcpy(pt,pdata, dataLen);	
   \   000088                ; Setup parameters for call to function osal_memcpy
   \   000088   75..00       MOV     ?V0 + 10,#0x0
   \   00008B   78..         MOV     R0,#?V0 + 8
   \   00008D   12....       LCALL   ?PUSH_XSTACK_I_THREE
   \   000090   AC..         MOV     R4,?V0 + 0
   \   000092   AD..         MOV     R5,?V0 + 1
   \   000094   E5..         MOV     A,?V0 + 2
   \   000096   240F         ADD     A,#0xf
   \   000098   FA           MOV     R2,A
   \   000099   E5..         MOV     A,?V0 + 3
   \   00009B   3400         ADDC    A,#0x0
   \   00009D   FB           MOV     R3,A
   \   00009E   12....       LCALL   ??osal_memcpy?relay
   \   0000A1   7403         MOV     A,#0x3
   \   0000A3   12....       LCALL   ?DEALLOC_XSTACK8
    253          	pt += dataLen;
    254          
    255          	hd.crc8 = Calc_CRC8((uint8 *)pout+sizeof(hd), hd.msg_len);
   \   0000A6                ; Setup parameters for call to function Calc_CRC8
   \   0000A6   7405         MOV     A,#0x5
   \   0000A8   12....       LCALL   ?XSTACK_DISP0_8
   \   0000AB   E0           MOVX    A,@DPTR
   \   0000AC   F5..         MOV     ?V0 + 0,A
   \   0000AE   A3           INC     DPTR
   \   0000AF   E0           MOVX    A,@DPTR
   \   0000B0   F5..         MOV     ?V0 + 1,A
   \   0000B2   E4           CLR     A
   \   0000B3   F5..         MOV     ?V0 + 2,A
   \   0000B5   F5..         MOV     ?V0 + 3,A
   \   0000B7   78..         MOV     R0,#?V0 + 0
   \   0000B9   12....       LCALL   ?PUSH_XSTACK_I_FOUR
   \   0000BC   EE           MOV     A,R6
   \   0000BD   2408         ADD     A,#0x8
   \   0000BF   FA           MOV     R2,A
   \   0000C0   EF           MOV     A,R7
   \   0000C1   3400         ADDC    A,#0x0
   \   0000C3   FB           MOV     R3,A
   \   0000C4   12....       LCALL   ??Calc_CRC8?relay
   \   0000C7   7404         MOV     A,#0x4
   \   0000C9   12....       LCALL   ?DEALLOC_XSTACK8
   \   0000CC   E9           MOV     A,R1
   \   0000CD   C0E0         PUSH    A
   \   0000CF   7407         MOV     A,#0x7
   \   0000D1   12....       LCALL   ?XSTACK_DISP0_8
   \   0000D4   D0E0         POP     A
   \   0000D6   F0           MOVX    @DPTR,A
    256          	osal_memcpy(pout,(char *)&hd, sizeof(Zg_Header_Struct));
   \   0000D7                ; Setup parameters for call to function osal_memcpy
   \   0000D7   85..82       MOV     DPL,?XSP + 0
   \   0000DA   85..83       MOV     DPH,?XSP + 1
   \   0000DD   A982         MOV     R1,DPL
   \   0000DF   AA83         MOV     R2,DPH
   \   0000E1   89..         MOV     ?V0 + 0,R1
   \   0000E3   8A..         MOV     ?V0 + 1,R2
   \   0000E5   78..         MOV     R0,#?V0 + 0
   \   0000E7   12....       LCALL   ?PUSH_XSTACK_I_THREE
   \   0000EA   7C08         MOV     R4,#0x8
   \   0000EC   7D00         MOV     R5,#0x0
   \   0000EE   EE           MOV     A,R6
   \   0000EF   FA           MOV     R2,A
   \   0000F0   EF           MOV     A,R7
   \   0000F1   FB           MOV     R3,A
   \   0000F2   12....       LCALL   ??osal_memcpy?relay
   \   0000F5   7403         MOV     A,#0x3
   \   0000F7   12....       LCALL   ?DEALLOC_XSTACK8
    257          
    258          	return hd.msg_len + sizeof(Zg_Header_Struct);
   \   0000FA   7405         MOV     A,#0x5
   \   0000FC   12....       LCALL   ?XSTACK_DISP0_8
   \   0000FF   E0           MOVX    A,@DPTR
   \   000100   2408         ADD     A,#0x8
   \   000102   FA           MOV     R2,A
   \   000103   A3           INC     DPTR
   \   000104   E0           MOVX    A,@DPTR
   \   000105   3400         ADDC    A,#0x0
   \   000107   FB           MOV     R3,A
   \   000108   7408         MOV     A,#0x8
   \   00010A   12....       LCALL   ?DEALLOC_XSTACK8
   \   00010D   7F0B         MOV     R7,#0xb
   \   00010F   02....       LJMP    ?BANKED_LEAVE_XDATA
    259                  
    260                  
    261                 
    262          }
    263          
    264          

   \                                 In  segment BANKED_CODE, align 1, keep-with-next
    265          int unpack_msg(char *pdata, int len)
   \                     unpack_msg:
    266          {
   \   000000                ; Saved register size: 0
   \   000000                ; Auto size: 0
    267          	Zg_Header_Struct *hd;
    268          	if(len < sizeof(Zg_Header_Struct))
   \   000000   C3           CLR     C
   \   000001   EC           MOV     A,R4
   \   000002   9408         SUBB    A,#0x8
   \   000004   ED           MOV     A,R5
   \   000005   9400         SUBB    A,#0x0
   \   000007   5006         JNC     ??unpack_msg_0
    269          	{
    270          		return -1;
   \   000009   7AFF         MOV     R2,#-0x1
   \   00000B   7BFF         MOV     R3,#-0x1
   \   00000D   8004         SJMP    ??unpack_msg_1
    271          	}
    272          	hd = (Zg_Header_Struct*)pdata;
    273          	if(hd->head == 0x7e7e)
    274          	{
    275          	//	crc8 = Calc_CRC8(pdata+sizeof(Zg_Header_Struct), hd->msg_len);
    276          	//	if(crc == hd->crc8)
    277          		{
    278          			switch(hd->msg_cmd)
    279          			{
    280          				//wrt -> zgb
    281          				case WRT_ZGB_ACK:
    282          				
    283          				break;
    284          				case WRT_ZGB_SET_INFO_CMD:
    285          				
    286          				break;
    287          				case WRT_ZGB_GET_INFO_CMD:
    288          				
    289          				break;
    290          				//zgb->wrt
    291          				case ZGB_WRT_ACK:
    292          				
    293          				break;
    294          				default:
    295          				break;
    296          			}
    297          		}
    298          	}
    299          return 0;
   \                     ??unpack_msg_0:
   \   00000F   7A00         MOV     R2,#0x0
   \   000011   7B00         MOV     R3,#0x0
   \                     ??unpack_msg_1:
   \   000013   02....       LJMP    ?BRET
    300          }
    301          
    302          /*********************************************************************
    303           * @fn      SampleApp_Init
    304           *
    305           * @brief   Initialization function for the Generic App Task.
    306           *          This is called during initialization and should contain
    307           *          any application specific initialization (ie. hardware
    308           *          initialization/setup, table initialization, power up
    309           *          notificaiton ... ).
    310           *
    311           * @param   task_id - the ID assigned by OSAL.  This ID should be
    312           *                    used to send messages and set timers.
    313           *
    314           * @return  none
    315           */
    316          

   \                                 In  segment BANKED_CODE, align 1, keep-with-next
    317          void SampleApp_Init( uint8 task_id )
   \                     SampleApp_Init:
    318          { 
   \   000000   74F5         MOV     A,#-0xb
   \   000002   12....       LCALL   ?BANKED_ENTER_XDATA
   \   000005                ; Saved register size: 11
   \   000005                ; Auto size: 29
   \   000005   74E3         MOV     A,#-0x1d
   \   000007   12....       LCALL   ?ALLOC_XSTACK8
   \   00000A   E9           MOV     A,R1
    319            SampleApp_TaskID = task_id;
   \   00000B   90....       MOV     DPTR,#SampleApp_TaskID
   \   00000E   F0           MOVX    @DPTR,A
    320            SampleApp_NwkState = DEV_INIT;
   \   00000F   90....       MOV     DPTR,#SampleApp_NwkState
   \   000012   7401         MOV     A,#0x1
   \   000014   F0           MOVX    @DPTR,A
    321            SampleApp_TransID = 0;
   \   000015   90....       MOV     DPTR,#SampleApp_TransID
   \   000018   E4           CLR     A
   \   000019   F0           MOVX    @DPTR,A
    322            
    323            //------------------------配置串口---------------------------------
    324            //MT_UartInit();                    //串口初始化
    325            //MT_UartRegisterTaskID(task_id);   //注册串口任务
    326             //HalUARTWrite(0,"UartInit OK\n", sizeof("UartInit OK\n"));//串口发送
    327            //-----------------------------------------------------------------
    328              
    329            
    330            halUARTCfg_t uartConfig ;
    331            uartConfig.configured           = TRUE;              // 2x30 don't care - see uart driver.
   \   00001A   85..82       MOV     DPL,?XSP + 0
   \   00001D   85..83       MOV     DPH,?XSP + 1
   \   000020   04           INC     A
   \   000021   F0           MOVX    @DPTR,A
    332            uartConfig.baudRate             = HAL_UART_BR_115200;
   \   000022   12....       LCALL   ?XSTACK_DISP0_8
   \   000025   7404         MOV     A,#0x4
   \   000027   F0           MOVX    @DPTR,A
    333            uartConfig.flowControl          = TRUE;
   \   000028   7402         MOV     A,#0x2
   \   00002A   12....       LCALL   ?XSTACK_DISP0_8
   \   00002D   7401         MOV     A,#0x1
   \   00002F   F0           MOVX    @DPTR,A
    334            uartConfig.flowControlThreshold = 64; // 2x30 don't care - see uart driver.
   \   000030   7403         MOV     A,#0x3
   \   000032   12....       LCALL   ?XSTACK_DISP0_8
   \   000035   7440         MOV     A,#0x40
   \   000037   F0           MOVX    @DPTR,A
   \   000038   A3           INC     DPTR
   \   000039   E4           CLR     A
   \   00003A   F0           MOVX    @DPTR,A
    335            uartConfig.rx.maxBufSize        = 128;  // 2x30 don't care - see uart driver.
   \   00003B   740A         MOV     A,#0xa
   \   00003D   12....       LCALL   ?XSTACK_DISP0_8
   \   000040   7480         MOV     A,#-0x80
   \   000042   F0           MOVX    @DPTR,A
   \   000043   A3           INC     DPTR
   \   000044   E4           CLR     A
   \   000045   F0           MOVX    @DPTR,A
    336            uartConfig.tx.maxBufSize        = 128;  // 2x30 don't care - see uart driver.
   \   000046   7412         MOV     A,#0x12
   \   000048   12....       LCALL   ?XSTACK_DISP0_8
   \   00004B   7480         MOV     A,#-0x80
   \   00004D   F0           MOVX    @DPTR,A
   \   00004E   A3           INC     DPTR
   \   00004F   E4           CLR     A
   \   000050   F0           MOVX    @DPTR,A
    337            uartConfig.idleTimeout          = 6;   // 2x30 don't care - see uart driver.
   \   000051   7405         MOV     A,#0x5
   \   000053   12....       LCALL   ?XSTACK_DISP0_8
   \   000056   7406         MOV     A,#0x6
   \   000058   F0           MOVX    @DPTR,A
    338            uartConfig.intEnable            = TRUE;              // 2x30 don't care - see uart driver.
   \   000059   7416         MOV     A,#0x16
   \   00005B   12....       LCALL   ?XSTACK_DISP0_8
   \   00005E   7401         MOV     A,#0x1
   \   000060   F0           MOVX    @DPTR,A
    339            uartConfig.callBackFunc         = SerialApp_CallBack;
   \   000061   741B         MOV     A,#0x1b
   \   000063   12....       LCALL   ?XSTACK_DISP0_8
   \   000066   74..         MOV     A,#??SerialApp_CallBack?relay & 0xff
   \   000068   F0           MOVX    @DPTR,A
   \   000069   A3           INC     DPTR
   \   00006A   74..         MOV     A,#(??SerialApp_CallBack?relay >> 8) & 0xff
   \   00006C   F0           MOVX    @DPTR,A
    340            HalUARTOpen (0, &uartConfig);
   \   00006D                ; Setup parameters for call to function HalUARTOpen
   \   00006D   85..82       MOV     DPL,?XSP + 0
   \   000070   85..83       MOV     DPH,?XSP + 1
   \   000073   AA82         MOV     R2,DPL
   \   000075   AB83         MOV     R3,DPH
   \   000077   7900         MOV     R1,#0x0
   \   000079   12....       LCALL   ??HalUARTOpen?relay
    341            
    342            // Device hardware initialization can be added here or in main() (Zmain.c).
    343            // If the hardware is application specific - add it here.
    344            // If the hardware is other parts of the device add it in main().
    345          
    346           #if defined ( BUILD_ALL_DEVICES )
    347            // The "Demo" target is setup to have BUILD_ALL_DEVICES and HOLD_AUTO_START
    348            // We are looking at a jumper (defined in SampleAppHw.c) to be jumpered
    349            // together - if they are - we will start up a coordinator. Otherwise,
    350            // the device will start as a router.
    351            if ( readCoordinatorJumper() )
    352              zgDeviceLogicalType = ZG_DEVICETYPE_COORDINATOR;
    353            else
    354              zgDeviceLogicalType = ZG_DEVICETYPE_ROUTER;
    355          #endif // BUILD_ALL_DEVICES
    356          
    357          #if defined ( HOLD_AUTO_START )
    358            // HOLD_AUTO_START is a compile option that will surpress ZDApp
    359            //  from starting the device and wait for the application to
    360            //  start the device.
    361            ZDOInitDevice(0);
    362          #endif
    363          
    364            // Setup for the periodic message's destination address
    365            // Broadcast to everyone
    366            SampleApp_Periodic_DstAddr.addrMode = (afAddrMode_t)AddrBroadcast;
   \   00007C   90....       MOV     DPTR,#SampleApp_Periodic_DstAddr + 8
   \   00007F   740F         MOV     A,#0xf
   \   000081   F0           MOVX    @DPTR,A
    367            SampleApp_Periodic_DstAddr.endPoint = SAMPLEAPP_ENDPOINT;
   \   000082   A3           INC     DPTR
   \   000083   7414         MOV     A,#0x14
   \   000085   F0           MOVX    @DPTR,A
    368            SampleApp_Periodic_DstAddr.addr.shortAddr = 0xFFFF;
   \   000086   90....       MOV     DPTR,#SampleApp_Periodic_DstAddr
   \   000089   74FF         MOV     A,#-0x1
   \   00008B   F0           MOVX    @DPTR,A
   \   00008C   A3           INC     DPTR
   \   00008D   F0           MOVX    @DPTR,A
    369          
    370            // Setup for the flash command's destination address - Group 1
    371            SampleApp_Flash_DstAddr.addrMode = (afAddrMode_t)afAddrGroup;
   \   00008E   90....       MOV     DPTR,#SampleApp_Flash_DstAddr + 8
   \   000091   7401         MOV     A,#0x1
   \   000093   F0           MOVX    @DPTR,A
    372            SampleApp_Flash_DstAddr.endPoint = SAMPLEAPP_ENDPOINT;
   \   000094   A3           INC     DPTR
   \   000095   7414         MOV     A,#0x14
   \   000097   F0           MOVX    @DPTR,A
    373            SampleApp_Flash_DstAddr.addr.shortAddr = SAMPLEAPP_FLASH_GROUP;
   \   000098   90....       MOV     DPTR,#SampleApp_Flash_DstAddr
   \   00009B   7401         MOV     A,#0x1
   \   00009D   F0           MOVX    @DPTR,A
   \   00009E   A3           INC     DPTR
   \   00009F   E4           CLR     A
   \   0000A0   F0           MOVX    @DPTR,A
    374          
    375            //P2P initialize
    376            SampleApp_P2P_DstAddr.addrMode = (afAddrMode_t)Addr16Bit;
   \   0000A1   90....       MOV     DPTR,#SampleApp_P2P_DstAddr + 8
   \   0000A4   7402         MOV     A,#0x2
   \   0000A6   F0           MOVX    @DPTR,A
    377            SampleApp_P2P_DstAddr.endPoint = SAMPLEAPP_ENDPOINT;  
   \   0000A7   A3           INC     DPTR
   \   0000A8   7414         MOV     A,#0x14
   \   0000AA   F0           MOVX    @DPTR,A
    378            SampleApp_P2P_DstAddr.addr.shortAddr = 0x0000;//发给协调器
   \   0000AB   90....       MOV     DPTR,#SampleApp_P2P_DstAddr
   \   0000AE   E4           CLR     A
   \   0000AF   F0           MOVX    @DPTR,A
   \   0000B0   A3           INC     DPTR
   \   0000B1   F0           MOVX    @DPTR,A
    379          
    380            // Fill out the endpoint description.
    381            SampleApp_epDesc.endPoint = SAMPLEAPP_ENDPOINT;
   \   0000B2   90....       MOV     DPTR,#SampleApp_epDesc
   \   0000B5   7414         MOV     A,#0x14
   \   0000B7   F0           MOVX    @DPTR,A
    382            SampleApp_epDesc.task_id = &SampleApp_TaskID;
   \   0000B8   A3           INC     DPTR
   \   0000B9   74..         MOV     A,#SampleApp_TaskID & 0xff
   \   0000BB   F0           MOVX    @DPTR,A
   \   0000BC   A3           INC     DPTR
   \   0000BD   74..         MOV     A,#(SampleApp_TaskID >> 8) & 0xff
   \   0000BF   F0           MOVX    @DPTR,A
    383            SampleApp_epDesc.simpleDesc
    384                      = (SimpleDescriptionFormat_t *)&SampleApp_SimpleDesc;
   \   0000C0   A3           INC     DPTR
   \   0000C1   74..         MOV     A,#SampleApp_SimpleDesc & 0xff
   \   0000C3   F0           MOVX    @DPTR,A
   \   0000C4   A3           INC     DPTR
   \   0000C5   74..         MOV     A,#(SampleApp_SimpleDesc >> 8) & 0xff
   \   0000C7   F0           MOVX    @DPTR,A
    385            SampleApp_epDesc.latencyReq = noLatencyReqs;
   \   0000C8   A3           INC     DPTR
   \   0000C9   E4           CLR     A
   \   0000CA   F0           MOVX    @DPTR,A
    386          
    387            // Register the endpoint description with the AF
    388            afRegister( &SampleApp_epDesc );
   \   0000CB                ; Setup parameters for call to function afRegister
   \   0000CB   7A..         MOV     R2,#SampleApp_epDesc & 0xff
   \   0000CD   7B..         MOV     R3,#(SampleApp_epDesc >> 8) & 0xff
   \   0000CF   12....       LCALL   ??afRegister?relay
    389          
    390            // Register for all key events - This app will handle all key events
    391            RegisterForKeys( SampleApp_TaskID );
   \   0000D2                ; Setup parameters for call to function RegisterForKeys
   \   0000D2   90....       MOV     DPTR,#SampleApp_TaskID
   \   0000D5   E0           MOVX    A,@DPTR
   \   0000D6   F9           MOV     R1,A
   \   0000D7   12....       LCALL   ??RegisterForKeys?relay
    392          
    393            // By default, all devices start out in Group 1
    394            SampleApp_Group.ID = 0x0001;
   \   0000DA   90....       MOV     DPTR,#SampleApp_Group
   \   0000DD   7401         MOV     A,#0x1
   \   0000DF   F0           MOVX    @DPTR,A
   \   0000E0   A3           INC     DPTR
   \   0000E1   E4           CLR     A
   \   0000E2   F0           MOVX    @DPTR,A
    395            osal_memcpy( SampleApp_Group.name, "Group 1", 7  );
   \   0000E3                ; Setup parameters for call to function osal_memcpy
   \   0000E3   75....       MOV     ?V0 + 0,#`?<Constant "Group 1">` & 0xff
   \   0000E6   75....       MOV     ?V0 + 1,#(`?<Constant "Group 1">` >> 8) & 0xff
   \   0000E9   F5..         MOV     ?V0 + 2,A
   \   0000EB   78..         MOV     R0,#?V0 + 0
   \   0000ED   12....       LCALL   ?PUSH_XSTACK_I_THREE
   \   0000F0   7C07         MOV     R4,#0x7
   \   0000F2   7D00         MOV     R5,#0x0
   \   0000F4   7A..         MOV     R2,#(SampleApp_Group + 2) & 0xff
   \   0000F6   7B..         MOV     R3,#((SampleApp_Group + 2) >> 8) & 0xff
   \   0000F8   12....       LCALL   ??osal_memcpy?relay
   \   0000FB   7403         MOV     A,#0x3
   \   0000FD   12....       LCALL   ?DEALLOC_XSTACK8
    396            aps_AddGroup( SAMPLEAPP_ENDPOINT, &SampleApp_Group );
   \   000100                ; Setup parameters for call to function aps_AddGroup
   \   000100   7A..         MOV     R2,#SampleApp_Group & 0xff
   \   000102   7B..         MOV     R3,#(SampleApp_Group >> 8) & 0xff
   \   000104   7914         MOV     R1,#0x14
   \   000106   12....       LCALL   ??aps_AddGroup?relay
    397          
    398          #if defined ( LCD_SUPPORTED )
    399            HalLcdWriteString( "SampleApp", HAL_LCD_LINE_1 );
   \   000109                ; Setup parameters for call to function HalLcdWriteString
   \   000109   7901         MOV     R1,#0x1
   \   00010B   7A..         MOV     R2,#`?<Constant "SampleApp">` & 0xff
   \   00010D   7B..         MOV     R3,#(`?<Constant "SampleApp">` >> 8) & 0xff
   \   00010F   12....       LCALL   ??HalLcdWriteString?relay
    400          #endif
    401            
    402          //  osal_start_timerEx( SampleApp_TaskID, SYS_EVENT_MSG_USER_TM,5000);
    403          
    404             /*
    405            	flash block
    406            	short int value_read = 0; 
    407          	char str_read[8] ;
    408          	short int value = 0x0304;
    409          	char *str = "abcdefg";
    410          	int temp = strlen(str);
    411          	osal_nv_item_init(TEST_NV,7,NULL);//NULL表示初始化的时候，item数据部分为空
    412          	int len = osal_nv_item_len(TEST_NV);
    413          	osal_nv_write(TEST_NV,0,1,&value);
    414          	int len2 = osal_nv_item_len(TEST_NV);
    415          	osal_nv_read(TEST_NV,0,2,&value_read);
    416              */
    417          
    418          }
   \   000112   741D         MOV     A,#0x1d
   \   000114   12....       LCALL   ?DEALLOC_XSTACK8
   \   000117   7F03         MOV     R7,#0x3
   \   000119   02....       LJMP    ?BANKED_LEAVE_XDATA
    419          
    420          
    421          
    422          /*********************************************************************
    423           * @fn      SampleApp_ProcessEvent
    424           *
    425           * @brief   Generic Application Task event processor.  This function
    426           *          is called to process all events for the task.  Events
    427           *          include timers, messages and any other user defined events.
    428           *
    429           * @param   task_id  - The OSAL assigned task ID.
    430           * @param   events - events to process.  This is a bit map and can
    431           *                   contain more than one event.
    432           *
    433           * @return  none
    434           */

   \                                 In  segment XDATA_Z, align 1, keep-with-next
    435          char  buf[64];
   \                     buf:
   \   000000                DS 64
   \   000040                REQUIRE __INIT_XDATA_Z

   \                                 In  segment XDATA_Z, align 1, keep-with-next
    436          int   buflen;
   \                     buflen:
   \   000000                DS 2
   \   000002                REQUIRE __INIT_XDATA_Z

   \                                 In  segment BANKED_CODE, align 1, keep-with-next
    437          uint16 SampleApp_ProcessEvent( uint8 task_id, uint16 events )
   \                     SampleApp_ProcessEvent:
    438          {
   \   000000   74F4         MOV     A,#-0xc
   \   000002   12....       LCALL   ?BANKED_ENTER_XDATA
   \   000005                ; Saved register size: 12
   \   000005                ; Auto size: 0
   \   000005   EA           MOV     A,R2
   \   000006   FE           MOV     R6,A
   \   000007   EB           MOV     A,R3
   \   000008   FF           MOV     R7,A
    439            afIncomingMSGPacket_t *MSGpkt;
    440            (void)task_id;  // Intentionally unreferenced parameter
    441          
    442            if ( events & SYS_EVENT_MSG )
   \   000009   5480         ANL     A,#0x80
   \   00000B   607E         JZ      ??SampleApp_ProcessEvent_0
    443            {
    444              MSGpkt = (afIncomingMSGPacket_t *)osal_msg_receive( SampleApp_TaskID );
   \   00000D                ; Setup parameters for call to function osal_msg_receive
   \   00000D   8013         SJMP    ??SampleApp_ProcessEvent_1
    445              while ( MSGpkt )
    446              {
    447                switch ( MSGpkt->hdr.event )
    448                {
    449                  // Received when a key is pressed
    450                  case KEY_CHANGE:
    451                    SampleApp_HandleKeys( ((keyChange_t *)MSGpkt)->state, ((keyChange_t *)MSGpkt)->keys );
    452                    break;
    453          
    454                  // Received when a messages is received (OTA) for this endpoint
    455                  case AF_INCOMING_MSG_CMD:
    456                    SampleApp_MessageMSGCB( MSGpkt );
    457                    break;
    458          
    459                  // Received whenever the device changes state in the network
    460                  case ZDO_STATE_CHANGE:
    461                    SampleApp_NwkState = (devStates_t)(MSGpkt->hdr.status);
    462                    if ( (SampleApp_NwkState == DEV_ZB_COORD)
    463                        //|| (SampleApp_NwkState == DEV_ROUTER)
    464                        //|| (SampleApp_NwkState == DEV_END_DEVICE) 
    465                        )
    466                    {
    467                      // Start sending the periodic message in a regular interval.
    468                      osal_start_timerEx( SampleApp_TaskID,
    469                                        SAMPLEAPP_SEND_PERIODIC_MSG_EVT,
    470                                        SAMPLEAPP_SEND_PERIODIC_MSG_TIMEOUT );
    471                    }
    472                    else
    473                    {
    474                      // Device is no longer in the network
    475                      osal_stop_timerEx(SampleApp_TaskID,SAMPLEAPP_SEND_PERIODIC_MSG_EVT);
   \                     ??SampleApp_ProcessEvent_2:
   \   00000F                ; Setup parameters for call to function osal_stop_timerEx
   \   00000F   7A01         MOV     R2,#0x1
   \   000011   7B00         MOV     R3,#0x0
   \   000013   90....       MOV     DPTR,#SampleApp_TaskID
   \   000016   E0           MOVX    A,@DPTR
   \   000017   F9           MOV     R1,A
   \   000018   12....       LCALL   ??osal_stop_timerEx?relay
    476                    }
    477                    break;
    478          
    479                  default:
    480                    break;
    481                }
    482          
    483                // Release the memory
    484                osal_msg_deallocate( (uint8 *)MSGpkt );
   \                     ??SampleApp_ProcessEvent_3:
   \   00001B                ; Setup parameters for call to function osal_msg_deallocate
   \   00001B   AA..         MOV     R2,?V0 + 0
   \   00001D   AB..         MOV     R3,?V0 + 1
   \   00001F   12....       LCALL   ??osal_msg_deallocate?relay
    485          
    486                // Next - if one is available
    487                MSGpkt = (afIncomingMSGPacket_t *)osal_msg_receive( SampleApp_TaskID );
   \   000022                ; Setup parameters for call to function osal_msg_receive
   \                     ??SampleApp_ProcessEvent_1:
   \   000022   90....       MOV     DPTR,#SampleApp_TaskID
   \   000025   E0           MOVX    A,@DPTR
   \   000026   F9           MOV     R1,A
   \   000027   12....       LCALL   ??osal_msg_receive?relay
   \   00002A   8A..         MOV     ?V0 + 0,R2
   \   00002C   8B..         MOV     ?V0 + 1,R3
   \   00002E   E5..         MOV     A,?V0 + 0
   \   000030   45..         ORL     A,?V0 + 1
   \   000032   604F         JZ      ??SampleApp_ProcessEvent_4
   \   000034   85..82       MOV     DPL,?V0 + 0
   \   000037   85..83       MOV     DPH,?V0 + 1
   \   00003A   E0           MOVX    A,@DPTR
   \   00003B   24E6         ADD     A,#-0x1a
   \   00003D   601E         JZ      ??SampleApp_ProcessEvent_5
   \   00003F   245A         ADD     A,#0x5a
   \   000041   6006         JZ      ??SampleApp_ProcessEvent_6
   \   000043   24EF         ADD     A,#-0x11
   \   000045   601F         JZ      ??SampleApp_ProcessEvent_7
   \   000047   80D2         SJMP    ??SampleApp_ProcessEvent_3
   \                     ??SampleApp_ProcessEvent_6:
   \   000049                ; Setup parameters for call to function SampleApp_HandleKeys
   \   000049   A3           INC     DPTR
   \   00004A   A3           INC     DPTR
   \   00004B   A3           INC     DPTR
   \   00004C   E0           MOVX    A,@DPTR
   \   00004D   FA           MOV     R2,A
   \   00004E   85..82       MOV     DPL,?V0 + 0
   \   000051   85..83       MOV     DPH,?V0 + 1
   \   000054   A3           INC     DPTR
   \   000055   A3           INC     DPTR
   \   000056   E0           MOVX    A,@DPTR
   \   000057   F9           MOV     R1,A
   \   000058   12....       LCALL   ??SampleApp_HandleKeys?relay
   \   00005B   80BE         SJMP    ??SampleApp_ProcessEvent_3
   \                     ??SampleApp_ProcessEvent_5:
   \   00005D                ; Setup parameters for call to function SampleApp_MessageMSGCB
   \   00005D   AA..         MOV     R2,?V0 + 0
   \   00005F   AB..         MOV     R3,?V0 + 1
   \   000061   12....       LCALL   ??SampleApp_MessageMSGCB?relay
   \   000064   80B5         SJMP    ??SampleApp_ProcessEvent_3
   \                     ??SampleApp_ProcessEvent_7:
   \   000066   A3           INC     DPTR
   \   000067   E0           MOVX    A,@DPTR
   \   000068   90....       MOV     DPTR,#SampleApp_NwkState
   \   00006B   F0           MOVX    @DPTR,A
   \   00006C   E0           MOVX    A,@DPTR
   \   00006D   6409         XRL     A,#0x9
   \   00006F   709E         JNZ     ??SampleApp_ProcessEvent_2
   \   000071                ; Setup parameters for call to function osal_start_timerEx
   \   000071   7CE8         MOV     R4,#-0x18
   \   000073   7D03         MOV     R5,#0x3
   \   000075   7A01         MOV     R2,#0x1
   \   000077   7B00         MOV     R3,#0x0
   \   000079   90....       MOV     DPTR,#SampleApp_TaskID
   \   00007C   E0           MOVX    A,@DPTR
   \   00007D   F9           MOV     R1,A
   \   00007E   12....       LCALL   ??osal_start_timerEx?relay
   \   000081   8098         SJMP    ??SampleApp_ProcessEvent_3
    488              }
    489          
    490              // return unprocessed events
    491              return (events ^ SYS_EVENT_MSG);
   \                     ??SampleApp_ProcessEvent_4:
   \   000083   EE           MOV     A,R6
   \   000084   FA           MOV     R2,A
   \   000085   EF           MOV     A,R7
   \   000086   6480         XRL     A,#0x80
   \                     ??SampleApp_ProcessEvent_8:
   \   000088   FB           MOV     R3,A
   \   000089   8031         SJMP    ??SampleApp_ProcessEvent_9
    492            }
    493          
    494            // Send a message out - This event is generated by a timer
    495            //  (setup in SampleApp_Init()).
    496            if ( events & SAMPLEAPP_SEND_PERIODIC_MSG_EVT )
   \                     ??SampleApp_ProcessEvent_0:
   \   00008B   EE           MOV     A,R6
   \   00008C   A2E0         MOV     C,0xE0 /* A   */.0
   \   00008E   501E         JNC     ??SampleApp_ProcessEvent_10
    497            {
    498              // Send the periodic message
    499              HalLedSet(HAL_LED_3,HAL_LED_MODE_TOGGLE);
   \   000090                ; Setup parameters for call to function HalLedSet
   \   000090   7A08         MOV     R2,#0x8
   \   000092   7904         MOV     R1,#0x4
   \   000094   12....       LCALL   ??HalLedSet?relay
    500             // SampleApp_SendPeriodicMessage();
    501          	  //增加点播的发送函数 
    502              // Setup to send message again in normal period (+ a little jitter)
    503          
    504          
    505              osal_start_timerEx( SampleApp_TaskID, SAMPLEAPP_SEND_PERIODIC_MSG_EVT,
    506                  (SAMPLEAPP_SEND_PERIODIC_MSG_TIMEOUT ) );
   \   000097                ; Setup parameters for call to function osal_start_timerEx
   \   000097   7CE8         MOV     R4,#-0x18
   \   000099   7D03         MOV     R5,#0x3
   \   00009B   7A01         MOV     R2,#0x1
   \   00009D   7B00         MOV     R3,#0x0
   \   00009F   90....       MOV     DPTR,#SampleApp_TaskID
   \   0000A2   E0           MOVX    A,@DPTR
   \   0000A3   F9           MOV     R1,A
   \   0000A4   12....       LCALL   ??osal_start_timerEx?relay
    507          
    508              // return unprocessed events
    509              return (events ^ SAMPLEAPP_SEND_PERIODIC_MSG_EVT);
   \   0000A7   EE           MOV     A,R6
   \   0000A8   6401         XRL     A,#0x1
   \   0000AA   FA           MOV     R2,A
   \   0000AB   EF           MOV     A,R7
   \   0000AC   80DA         SJMP    ??SampleApp_ProcessEvent_8
    510            }
    511            
    512            //user specific event
    513            if ( events & SYS_EVENT_MSG_USER_TM )
   \                     ??SampleApp_ProcessEvent_10:
   \   0000AE   5404         ANL     A,#0x4
   \   0000B0   6006         JZ      ??SampleApp_ProcessEvent_11
    514            {  
    515          
    516          	
    517          	  
    518          	  return (events ^ SYS_EVENT_MSG_USER_TM);
   \   0000B2   EE           MOV     A,R6
   \   0000B3   6404         XRL     A,#0x4
   \   0000B5   FA           MOV     R2,A
   \   0000B6   8004         SJMP    ??SampleApp_ProcessEvent_9
    519            }
    520           
    521            // Discard unknown events
    522            return 0;
   \                     ??SampleApp_ProcessEvent_11:
   \   0000B8   7A00         MOV     R2,#0x0
   \   0000BA   7B00         MOV     R3,#0x0
   \                     ??SampleApp_ProcessEvent_9:
   \   0000BC   7F04         MOV     R7,#0x4
   \   0000BE   02....       LJMP    ?BANKED_LEAVE_XDATA
    523          }
    524          
    525          /*********************************************************************
    526           * Event Generation Functions
    527           */
    528          /*********************************************************************
    529           * @fn      SampleApp_HandleKeys
    530           *
    531           * @brief   Handles all key events for this device.
    532           *
    533           * @param   shift - true if in shift/alt.
    534           * @param   keys - bit field for key events. Valid entries:
    535           *                 HAL_KEY_SW_2
    536           *                 HAL_KEY_SW_1
    537           *
    538           * @return  none
    539           */

   \                                 In  segment BANKED_CODE, align 1, keep-with-next
    540          void SampleApp_HandleKeys( uint8 shift, uint8 keys )
   \                     SampleApp_HandleKeys:
    541          {
   \   000000   74F6         MOV     A,#-0xa
   \   000002   12....       LCALL   ?BANKED_ENTER_XDATA
   \   000005                ; Saved register size: 10
   \   000005                ; Auto size: 0
   \   000005   EA           MOV     A,R2
   \   000006   FE           MOV     R6,A
    542            (void)shift;  // Intentionally unreferenced parameter
    543            
    544            if ( keys & HAL_KEY_SW_1 )
   \   000007   A2E0         MOV     C,0xE0 /* A   */.0
   \   000009   5007         JNC     ??SampleApp_HandleKeys_0
    545            {
    546              /* This key sends the Flash Command is sent to Group 1.
    547               * This device will not receive the Flash Command from this
    548               * device (even if it belongs to group 1).
    549               */
    550              SampleApp_SendFlashMessage( SAMPLEAPP_FLASH_DURATION );
   \   00000B                ; Setup parameters for call to function SampleApp_SendFlashMessage
   \   00000B   7AE8         MOV     R2,#-0x18
   \   00000D   7B03         MOV     R3,#0x3
   \   00000F   12....       LCALL   ??SampleApp_SendFlashMessage?relay
    551            }
    552          
    553            if ( keys & HAL_KEY_SW_2 )
   \                     ??SampleApp_HandleKeys_0:
   \   000012   EE           MOV     A,R6
   \   000013   A2E1         MOV     C,0xE0 /* A   */.1
   \   000015   5024         JNC     ??SampleApp_HandleKeys_1
    554            {
    555              /* The Flashr Command is sent to Group 1.
    556               * This key toggles this device in and out of group 1.
    557               * If this device doesn't belong to group 1, this application
    558               * will not receive the Flash command sent to group 1.
    559               */
    560              aps_Group_t *grp;
    561              grp = aps_FindGroup( SAMPLEAPP_ENDPOINT, SAMPLEAPP_FLASH_GROUP );
    562              if ( grp )
   \   000017                ; Setup parameters for call to function aps_FindGroup
   \   000017   7A01         MOV     R2,#0x1
   \   000019   7B00         MOV     R3,#0x0
   \   00001B   7914         MOV     R1,#0x14
   \   00001D   12....       LCALL   ??aps_FindGroup?relay
   \   000020   8B..         MOV     ?V0 + 1,R3
   \   000022   EA           MOV     A,R2
   \   000023   45..         ORL     A,?V0 + 1
   \   000025   600B         JZ      ??SampleApp_HandleKeys_2
    563              {
    564                // Remove from the group
    565                aps_RemoveGroup( SAMPLEAPP_ENDPOINT, SAMPLEAPP_FLASH_GROUP );
   \   000027                ; Setup parameters for call to function aps_RemoveGroup
   \   000027   7A01         MOV     R2,#0x1
   \   000029   7B00         MOV     R3,#0x0
   \   00002B   7914         MOV     R1,#0x14
   \   00002D   12....       LCALL   ??aps_RemoveGroup?relay
   \   000030   8009         SJMP    ??SampleApp_HandleKeys_1
    566              }
    567              else
    568              {
    569                // Add to the flash group
    570                aps_AddGroup( SAMPLEAPP_ENDPOINT, &SampleApp_Group );
   \                     ??SampleApp_HandleKeys_2:
   \   000032                ; Setup parameters for call to function aps_AddGroup
   \   000032   7A..         MOV     R2,#SampleApp_Group & 0xff
   \   000034   7B..         MOV     R3,#(SampleApp_Group >> 8) & 0xff
   \   000036   7914         MOV     R1,#0x14
   \   000038   12....       LCALL   ??aps_AddGroup?relay
    571              }
    572            }
    573          }
   \                     ??SampleApp_HandleKeys_1:
   \   00003B   7F02         MOV     R7,#0x2
   \   00003D   02....       LJMP    ?BANKED_LEAVE_XDATA
    574          
    575          /*********************************************************************
    576           * LOCAL FUNCTIONS
    577           */
    578          
    579          /*********************************************************************
    580           * @fn      SampleApp_MessageMSGCB
    581           *
    582           * @brief   Data message processor callback.  This function processes
    583           *          any incoming data - probably from other devices.  So, based
    584           *          on cluster ID, perform the intended action.
    585           *
    586           * @param   none
    587           *
    588           * @return  none
    589           */

   \                                 In  segment BANKED_CODE, align 1, keep-with-next
    590          void SampleApp_MessageMSGCB( afIncomingMSGPacket_t *pkt )
   \                     SampleApp_MessageMSGCB:
    591          {
   \   000000   74F6         MOV     A,#-0xa
   \   000002   12....       LCALL   ?BANKED_ENTER_XDATA
   \   000005                ; Saved register size: 10
   \   000005                ; Auto size: 15
   \   000005   74F1         MOV     A,#-0xf
   \   000007   12....       LCALL   ?ALLOC_XSTACK8
   \   00000A   EA           MOV     A,R2
   \   00000B   FE           MOV     R6,A
   \   00000C   EB           MOV     A,R3
   \   00000D   FF           MOV     R7,A
    592            uint16 flashTime;  
    593            Msg_Zg_WRT_transfer rpst;
    594          	  osal_memset(buf, 0, sizeof(buf));
   \   00000E                ; Setup parameters for call to function osal_memset
   \   00000E   7C40         MOV     R4,#0x40
   \   000010   7D00         MOV     R5,#0x0
   \   000012   7900         MOV     R1,#0x0
   \   000014   7A..         MOV     R2,#buf & 0xff
   \   000016   7B..         MOV     R3,#(buf >> 8) & 0xff
   \   000018   12....       LCALL   ??osal_memset?relay
    595          	  rpst.src_type = 1;				//for test
   \   00001B   85..82       MOV     DPL,?XSP + 0
   \   00001E   85..83       MOV     DPH,?XSP + 1
   \   000021   7401         MOV     A,#0x1
   \   000023   F0           MOVX    @DPTR,A
    596          	  rpst.len = pkt->cmd.DataLength;	//for test
   \   000024   EE           MOV     A,R6
   \   000025   241F         ADD     A,#0x1f
   \   000027   F8           MOV     R0,A
   \   000028   EF           MOV     A,R7
   \   000029   3400         ADDC    A,#0x0
   \   00002B   F9           MOV     R1,A
   \   00002C   E8           MOV     A,R0
   \   00002D   FA           MOV     R2,A
   \   00002E   E9           MOV     A,R1
   \   00002F   FB           MOV     R3,A
   \   000030   8A82         MOV     DPL,R2
   \   000032   8B83         MOV     DPH,R3
   \   000034   E0           MOVX    A,@DPTR
   \   000035   F8           MOV     R0,A
   \   000036   A3           INC     DPTR
   \   000037   E0           MOVX    A,@DPTR
   \   000038   F9           MOV     R1,A
   \   000039   740D         MOV     A,#0xd
   \   00003B   12....       LCALL   ?XSTACK_DISP0_8
   \   00003E   E8           MOV     A,R0
   \   00003F   F0           MOVX    @DPTR,A
   \   000040   A3           INC     DPTR
   \   000041   E9           MOV     A,R1
   \   000042   F0           MOVX    @DPTR,A
    597          	  rpst.end_dev_addr = pkt->srcAddr;	//for test
   \   000043   8E82         MOV     DPL,R6
   \   000045   8F83         MOV     DPH,R7
   \   000047   A3           INC     DPTR
   \   000048   A3           INC     DPTR
   \   000049   A3           INC     DPTR
   \   00004A   A3           INC     DPTR
   \   00004B   A3           INC     DPTR
   \   00004C   A3           INC     DPTR
   \   00004D   C082         PUSH    DPL
   \   00004F   C083         PUSH    DPH
   \   000051   7401         MOV     A,#0x1
   \   000053   12....       LCALL   ?XSTACK_DISP0_8
   \   000056   AC82         MOV     R4,DPL
   \   000058   AD83         MOV     R5,DPH
   \   00005A   D083         POP     DPH
   \   00005C   D082         POP     DPL
   \   00005E   740C         MOV     A,#0xc
   \   000060   12....       LCALL   ?MOVE_LONG8_XDATA_XDATA
    598          	  buflen = pack_msg_transfer(&rpst,pkt->cmd.Data,pkt->cmd.DataLength, buf);
   \   000063                ; Setup parameters for call to function pack_msg_transfer
   \   000063   75....       MOV     ?V0 + 0,#buf & 0xff
   \   000066   75....       MOV     ?V0 + 1,#(buf >> 8) & 0xff
   \   000069   78..         MOV     R0,#?V0 + 0
   \   00006B   12....       LCALL   ?PUSH_XSTACK_I_TWO
   \   00006E   8A82         MOV     DPL,R2
   \   000070   8B83         MOV     DPH,R3
   \   000072   12....       LCALL   ?PUSH_XSTACK8_X_TWO
   \   000075   EE           MOV     A,R6
   \   000076   2421         ADD     A,#0x21
   \   000078   F582         MOV     DPL,A
   \   00007A   EF           MOV     A,R7
   \   00007B   3400         ADDC    A,#0x0
   \   00007D   F583         MOV     DPH,A
   \   00007F   E0           MOVX    A,@DPTR
   \   000080   FC           MOV     R4,A
   \   000081   A3           INC     DPTR
   \   000082   E0           MOVX    A,@DPTR
   \   000083   FD           MOV     R5,A
   \   000084   7404         MOV     A,#0x4
   \   000086   12....       LCALL   ?XSTACK_DISP0_8
   \   000089   AA82         MOV     R2,DPL
   \   00008B   AB83         MOV     R3,DPH
   \   00008D   12....       LCALL   ??pack_msg_transfer?relay
   \   000090   7404         MOV     A,#0x4
   \   000092   12....       LCALL   ?DEALLOC_XSTACK8
   \   000095   90....       MOV     DPTR,#buflen
   \   000098   EA           MOV     A,R2
   \   000099   F0           MOVX    @DPTR,A
   \   00009A   A3           INC     DPTR
   \   00009B   EB           MOV     A,R3
   \   00009C   F0           MOVX    @DPTR,A
    599          	  HalUARTWrite(0, (uint8*)buf, buflen);//串口发送
   \   00009D                ; Setup parameters for call to function HalUARTWrite
   \   00009D   90....       MOV     DPTR,#buflen
   \   0000A0   E0           MOVX    A,@DPTR
   \   0000A1   FC           MOV     R4,A
   \   0000A2   A3           INC     DPTR
   \   0000A3   E0           MOVX    A,@DPTR
   \   0000A4   FD           MOV     R5,A
   \   0000A5   7A..         MOV     R2,#buf & 0xff
   \   0000A7   7B..         MOV     R3,#(buf >> 8) & 0xff
   \   0000A9   7900         MOV     R1,#0x0
   \   0000AB   12....       LCALL   ??HalUARTWrite?relay
    600          	  HalLedSet(HAL_LED_3,HAL_LED_MODE_TOGGLE);
   \   0000AE                ; Setup parameters for call to function HalLedSet
   \   0000AE   7A08         MOV     R2,#0x8
   \   0000B0   7904         MOV     R1,#0x4
   \   0000B2   12....       LCALL   ??HalLedSet?relay
    601          	  return;
   \   0000B5   740F         MOV     A,#0xf
   \   0000B7   12....       LCALL   ?DEALLOC_XSTACK8
   \   0000BA   7F02         MOV     R7,#0x2
   \   0000BC   02....       LJMP    ?BANKED_LEAVE_XDATA
    602            switch ( pkt->clusterId )
                   ^
Warning[Pe111]: statement is unreachable
    603            {
    604            	HalLedSet(HAL_LED_4,HAL_LED_MODE_TOGGLE);
                   	^
Warning[Pe111]: statement is unreachable
    605              case SAMPLEAPP_PERIODIC_CLUSTERID:
    606                break;
    607          
    608              case SAMPLEAPP_FLASH_CLUSTERID:
    609                flashTime = BUILD_UINT16(pkt->cmd.Data[1], pkt->cmd.Data[2] );
    610                HalLedBlink( HAL_LED_4, 4, 50, (flashTime / 4) );
    611                break;
    612          	case SAMPLEAPP_R2C_CLUSTERID://
    613          	  
    614                break;
    615          	case SAMPLEAPP_C2R_CLUSTERID://收到协调器发给路由的数据
    616                HalUARTWrite(0, pkt->cmd.Data,  pkt->cmd.DataLength);//串口发送
    617                break;
    618            }
    619          }
    620          
    621          
    622          

   \                                 In  segment BANKED_CODE, align 1, keep-with-next
    623          void SampleApp_SendFlashMessage(uint16 flashTime)
   \                     SampleApp_SendFlashMessage:
    624          {
   \   000000                ; Saved register size: 0
   \   000000                ; Auto size: 0
    625          
    626          }
   \   000000   02....       LJMP    ?BRET

   \                                 In  segment BANK_RELAYS, align 1
   \                     ??deal_data?relay:
   \   000000   12....       LCALL   ?BDISPATCH
   \   000003   ......       DC24    deal_data

   \                                 In  segment BANK_RELAYS, align 1
   \                     ??AF_To_R_From_C?relay:
   \   000000   12....       LCALL   ?BDISPATCH
   \   000003   ......       DC24    AF_To_R_From_C

   \                                 In  segment BANK_RELAYS, align 1
   \                     ??SerialApp_CallBack?relay:
   \   000000   12....       LCALL   ?BDISPATCH
   \   000003   ......       DC24    SerialApp_CallBack

   \                                 In  segment BANK_RELAYS, align 1
   \                     ??pack_msg_transfer?relay:
   \   000000   12....       LCALL   ?BDISPATCH
   \   000003   ......       DC24    pack_msg_transfer

   \                                 In  segment BANK_RELAYS, align 1
   \                     ??unpack_msg?relay:
   \   000000   12....       LCALL   ?BDISPATCH
   \   000003   ......       DC24    unpack_msg

   \                                 In  segment BANK_RELAYS, align 1
   \                     ??SampleApp_Init?relay:
   \   000000   12....       LCALL   ?BDISPATCH
   \   000003   ......       DC24    SampleApp_Init

   \                                 In  segment BANK_RELAYS, align 1
   \                     ??SampleApp_ProcessEvent?relay:
   \   000000   12....       LCALL   ?BDISPATCH
   \   000003   ......       DC24    SampleApp_ProcessEvent

   \                                 In  segment BANK_RELAYS, align 1
   \                     ??SampleApp_HandleKeys?relay:
   \   000000   12....       LCALL   ?BDISPATCH
   \   000003   ......       DC24    SampleApp_HandleKeys

   \                                 In  segment BANK_RELAYS, align 1
   \                     ??SampleApp_MessageMSGCB?relay:
   \   000000   12....       LCALL   ?BDISPATCH
   \   000003   ......       DC24    SampleApp_MessageMSGCB

   \                                 In  segment BANK_RELAYS, align 1
   \                     ??SampleApp_SendFlashMessage?relay:
   \   000000   12....       LCALL   ?BDISPATCH
   \   000003   ......       DC24    SampleApp_SendFlashMessage

   \                                 In  segment XDATA_ROM_C, align 1
   \                     `?<Constant "Group 1">`:
   \   000000   47726F75     DB "Group 1"
   \            70203100

   \                                 In  segment XDATA_ROM_C, align 1
   \                     `?<Constant "SampleApp">`:
   \   000000   53616D70     DB "SampleApp"
   \            6C654170
   \            7000    
    627          /*********************************************************************
    628          *********************************************************************/

   Maximum stack usage in bytes:

     Function                       ISTACK PSTACK XSTACK
     --------                       ------ ------ ------
     AF_To_R_From_C                     0      0     35
       -> AF_DataRequest                0      0     42
       -> HalLedBlink                   0      0     24
     SampleApp_HandleKeys               0      0     22
       -> SampleApp_SendFlashMessage
                                        0      0     20
       -> aps_FindGroup                 0      0     20
       -> aps_RemoveGroup               0      0     20
       -> aps_AddGroup                  0      0     20
     SampleApp_Init                     0      0     43
       -> HalUARTOpen                   0      0     80
       -> afRegister                    0      0     80
       -> RegisterForKeys               0      0     80
       -> osal_memcpy                   0      0     86
       -> aps_AddGroup                  0      0     80
       -> HalLcdWriteString             0      0     80
     SampleApp_MessageMSGCB             2      0     41
       -> osal_memset                   0      0     50
       -> pack_msg_transfer             0      0     58
       -> HalUARTWrite                  0      0     50
       -> HalLedSet                     0      0     50
     SampleApp_ProcessEvent             0      0     12
       -> osal_msg_receive              0      0     24
       -> osal_stop_timerEx             0      0     24
       -> osal_msg_deallocate           0      0     24
       -> osal_msg_receive              0      0     24
       -> SampleApp_HandleKeys          0      0     24
       -> SampleApp_MessageMSGCB        0      0     24
       -> osal_start_timerEx            0      0     24
       -> HalLedSet                     0      0     24
       -> osal_start_timerEx            0      0     24
     SampleApp_SendFlashMessage         0      0     10
     SerialApp_CallBack                 0      0     16
       -> HalLedSet                     0      0     24
       -> HalUARTRead                   0      0     24
       -> Calc_CRC8                     0      0     32
       -> AF_To_R_From_C                0      0     28
     deal_data                          2      0      0
       -> HalUARTWrite                  4      0      0
     pack_msg_transfer                  1      0     60
       -> osal_memcpy                   0      0     60
       -> osal_memcpy                   0      0     60
       -> Calc_CRC8                     0      0     62
       -> osal_memcpy                   0      0     60
     unpack_msg                         0      0      0


   Segment part sizes:

     Function/Label                     Bytes
     --------------                     -----
     globa_run_num                         1
     SampleApp_ClusterList                 4
     SampleApp_SimpleDesc                 12
     SampleApp_epDesc                      6
     SampleApp_TaskID                      1
     SampleApp_NwkState                    1
     SampleApp_TransID                     1
     SampleApp_Periodic_DstAddr           12
     SampleApp_Flash_DstAddr              12
     SampleApp_P2P_DstAddr                12
     SampleApp_Group                      18
     SampleAppPeriodicCounter              1
     SampleAppFlashCounter                 1
     deal_data                            16
     AF_To_R_From_C                       96
     uart_data_buffer                     50
     SerialApp_CallBack                  127
     pack_msg_transfer                   274
     unpack_msg                           22
     SampleApp_Init                      284
     buf                                  64
     buflen                                2
     SampleApp_ProcessEvent              193
     SampleApp_HandleKeys                 64
     SampleApp_MessageMSGCB              191
     SampleApp_SendFlashMessage            3
     ??deal_data?relay                     6
     ??AF_To_R_From_C?relay                6
     ??SerialApp_CallBack?relay            6
     ??pack_msg_transfer?relay             6
     ??unpack_msg?relay                    6
     ??SampleApp_Init?relay                6
     ??SampleApp_ProcessEvent?relay        6
     ??SampleApp_HandleKeys?relay          6
     ??SampleApp_MessageMSGCB?relay        6
     ??SampleApp_SendFlashMessage?relay    6
     ?<Constant "Group 1">                 8
     ?<Constant "SampleApp">              10

 
 1 270 bytes in segment BANKED_CODE
    60 bytes in segment BANK_RELAYS
    34 bytes in segment XDATA_ROM_C
   182 bytes in segment XDATA_Z
 
 1 330 bytes of CODE  memory
    34 bytes of CONST memory
   182 bytes of XDATA memory

Errors: none
Warnings: 2
